<?xml version="1.0" encoding="UTF-8"?>
<!-- Generated by org.testng.reporters.JUnitReportReporter -->
<testsuite hostname="CHN1-LHP-N81668" failures="0" tests="1" name="facebook.com.Fb_Login_Test" time="0.154" errors="0" timestamp="15 Apr 2022 19:32:42 GMT">
  <testcase classname="facebook.com.Fb_Login_Test" name="loginTest" time="0.154"/>
</testsuite> <!-- facebook.com.Fb_Login_Test -->
